[2017-10-01 19:46:22.293063731 +0200 CEST]	No currently active connection
[2017-10-01 19:46:22.296957701 +0200 CEST]	DB connection established
[2017-10-01 19:46:22.29911383 +0200 CEST]	DB connection established
[2017-10-01 19:46:22.299183158 +0200 CEST]	DB connection established
[2017-10-01 19:46:22.302131923 +0200 CEST]	DB connection established
[2017-10-01 19:46:22.308341619 +0200 CEST]	Rollback Message: sql: Transaction has already been committed or rolled back[2017-10-01 21:03:15.556590178 +0200 CEST]	No currently active connection
[2017-10-01 21:03:15.559831833 +0200 CEST]	DB connection established
[2017-10-01 21:03:15.560036114 +0200 CEST]	DB connection established
[2017-10-01 21:03:15.561258299 +0200 CEST]	DB connection established
[2017-10-01 21:03:15.568059984 +0200 CEST]	DB connection established
[2017-10-01 21:03:15.572755049 +0200 CEST]	Rollback Message: sql: Transaction has already been committed or rolled back[2017-10-01 21:03:15.578621619 +0200 CEST]	DB connection established
[2017-10-01 21:03:15.583754296 +0200 CEST]	Rollback Message: sql: Transaction has already been committed or rolled back[2017-10-01 21:03:15.59054535 +0200 CEST]	DB connection established
[2017-10-01 21:03:15.594518488 +0200 CEST]	Rollback Message: sql: Transaction has already been committed or rolled back[2017-10-01 21:03:15.594797679 +0200 CEST]	Error in select ts: pq: relation "swarmtest" does not exist[2017-10-01 21:08:46.956574124 +0200 CEST]	No currently active connection
[2017-10-01 21:08:46.960024352 +0200 CEST]	DB connection established
[2017-10-01 21:08:46.961377273 +0200 CEST]	DB connection established
[2017-10-01 21:08:46.961829365 +0200 CEST]	DB connection established
[2017-10-01 21:08:46.966622916 +0200 CEST]	DB connection established
[2017-10-01 21:08:46.97166735 +0200 CEST]	Rollback Message: sql: Transaction has already been committed or rolled back[2017-10-01 21:08:46.977097116 +0200 CEST]	DB connection established
[2017-10-01 21:08:46.982005552 +0200 CEST]	Rollback Message: sql: Transaction has already been committed or rolled back[2017-10-01 21:08:46.986761844 +0200 CEST]	DB connection established
[2017-10-01 21:08:46.990960896 +0200 CEST]	Rollback Message: sql: Transaction has already been committed or rolled back[2017-10-01 21:08:46.991929468 +0200 CEST]	Could not scan row: sql: Scan error on column index 0: destination pointer is nil[2017-10-01 21:08:46.991989305 +0200 CEST]	Could not scan row: sql: Scan error on column index 0: destination pointer is nil[2017-10-01 21:08:46.992022734 +0200 CEST]	Could not scan row: sql: Scan error on column index 0: destination pointer is nil[2017-10-01 21:08:46.992049401 +0200 CEST]	Could not scan row: sql: Scan error on column index 0: destination pointer is nil[2017-10-01 21:08:46.992080256 +0200 CEST]	Could not scan row: sql: Scan error on column index 0: destination pointer is nil[2017-10-01 21:08:46.992107396 +0200 CEST]	Could not scan row: sql: Scan error on column index 0: destination pointer is nil[2017-10-01 21:08:46.99213424 +0200 CEST]	Could not scan row: sql: Scan error on column index 0: destination pointer is nil[2017-10-01 21:08:46.99216597 +0200 CEST]	Could not scan row: sql: Scan error on column index 0: destination pointer is nil[2017-10-01 21:08:46.992196654 +0200 CEST]	Could not scan row: sql: Scan error on column index 0: destination pointer is nil[2017-10-01 21:08:46.992228577 +0200 CEST]	Could not scan row: sql: Scan error on column index 0: destination pointer is nil[2017-10-01 21:08:46.992257062 +0200 CEST]	Could not scan row: sql: Scan error on column index 0: destination pointer is nil[2017-10-01 21:08:46.992283211 +0200 CEST]	Could not scan row: sql: Scan error on column index 0: destination pointer is nil[2017-10-01 21:08:46.992312818 +0200 CEST]	Could not scan row: sql: Scan error on column index 0: destination pointer is nil[2017-10-01 21:08:46.992339381 +0200 CEST]	Could not scan row: sql: Scan error on column index 0: destination pointer is nil[2017-10-01 21:08:46.992366929 +0200 CEST]	Could not scan row: sql: Scan error on column index 0: destination pointer is nil[2017-10-01 21:08:46.992423029 +0200 CEST]	Could not scan row: sql: Scan error on column index 0: destination pointer is nil[2017-10-01 21:08:46.992456135 +0200 CEST]	Could not scan row: sql: Scan error on column index 0: destination pointer is nil[2017-10-01 21:08:46.992483407 +0200 CEST]	Could not scan row: sql: Scan error on column index 0: destination pointer is nil[2017-10-01 21:08:46.992509381 +0200 CEST]	Could not scan row: sql: Scan error on column index 0: destination pointer is nil[2017-10-01 21:08:46.99253961 +0200 CEST]	Could not scan row: sql: Scan error on column index 0: destination pointer is nil[2017-10-01 21:08:46.992566417 +0200 CEST]	Could not scan row: sql: Scan error on column index 0: destination pointer is nil[2017-10-01 21:08:46.992594177 +0200 CEST]	Could not scan row: sql: Scan error on column index 0: destination pointer is nil[2017-10-01 21:08:46.992624298 +0200 CEST]	Could not scan row: sql: Scan error on column index 0: destination pointer is nil[2017-10-01 21:08:46.992659783 +0200 CEST]	Could not scan row: sql: Scan error on column index 0: destination pointer is nil[2017-10-01 21:08:46.992696328 +0200 CEST]	Could not scan row: sql: Scan error on column index 0: destination pointer is nil[2017-10-01 21:08:46.992723498 +0200 CEST]	Could not scan row: sql: Scan error on column index 0: destination pointer is nil[2017-10-01 21:08:46.992754588 +0200 CEST]	Could not scan row: sql: Scan error on column index 0: destination pointer is nil[2017-10-01 21:08:46.992782283 +0200 CEST]	Could not scan row: sql: Scan error on column index 0: destination pointer is nil[2017-10-01 21:08:46.992808914 +0200 CEST]	Could not scan row: sql: Scan error on column index 0: destination pointer is nil[2017-10-01 21:08:46.992838493 +0200 CEST]	Could not scan row: sql: Scan error on column index 0: destination pointer is nil[2017-10-01 21:08:46.992865581 +0200 CEST]	Could not scan row: sql: Scan error on column index 0: destination pointer is nil[2017-10-01 21:08:46.992892422 +0200 CEST]	Could not scan row: sql: Scan error on column index 0: destination pointer is nil[2017-10-01 21:08:46.992923448 +0200 CEST]	Could not scan row: sql: Scan error on column index 0: destination pointer is nil[2017-10-01 21:08:46.992949868 +0200 CEST]	Could not scan row: sql: Scan error on column index 0: destination pointer is nil[2017-10-01 21:08:46.992980899 +0200 CEST]	Could not scan row: sql: Scan error on column index 0: destination pointer is nil[2017-10-01 21:08:46.993008424 +0200 CEST]	Could not scan row: sql: Scan error on column index 0: destination pointer is nil[2017-10-01 21:08:46.993059801 +0200 CEST]	Could not scan row: sql: Scan error on column index 0: destination pointer is nil[2017-10-01 21:08:46.993097987 +0200 CEST]	Could not scan row: sql: Scan error on column index 0: destination pointer is nil[2017-10-01 21:08:46.993126808 +0200 CEST]	Could not scan row: sql: Scan error on column index 0: destination pointer is nil[2017-10-01 21:08:46.99315288 +0200 CEST]	Could not scan row: sql: Scan error on column index 0: destination pointer is nil[2017-10-01 21:08:46.99317975 +0200 CEST]	Could not scan row: sql: Scan error on column index 0: destination pointer is nil[2017-10-01 21:08:46.993208627 +0200 CEST]	Could not scan row: sql: Scan error on column index 0: destination pointer is nil[2017-10-01 21:08:46.993233399 +0200 CEST]	Could not scan row: sql: Scan error on column index 0: destination pointer is nil[2017-10-01 21:08:46.993257831 +0200 CEST]	Could not scan row: sql: Scan error on column index 0: destination pointer is nil[2017-10-01 21:08:46.993287507 +0200 CEST]	Could not scan row: sql: Scan error on column index 0: destination pointer is nil[2017-10-01 21:08:46.993312459 +0200 CEST]	Could not scan row: sql: Scan error on column index 0: destination pointer is nil[2017-10-01 21:08:46.993336986 +0200 CEST]	Could not scan row: sql: Scan error on column index 0: destination pointer is nil[2017-10-01 21:08:46.993365353 +0200 CEST]	Could not scan row: sql: Scan error on column index 0: destination pointer is nil[2017-10-01 21:08:46.993407227 +0200 CEST]	Could not scan row: sql: Scan error on column index 0: destination pointer is nil[2017-10-01 21:08:46.993435884 +0200 CEST]	Could not scan row: sql: Scan error on column index 0: destination pointer is nil[2017-10-01 21:13:17.172350988 +0200 CEST]	No currently active connection
[2017-10-01 21:13:17.175409588 +0200 CEST]	DB connection established
[2017-10-01 21:13:17.17715487 +0200 CEST]	DB connection established
[2017-10-01 21:13:17.177464391 +0200 CEST]	DB connection established
[2017-10-01 21:13:17.180121409 +0200 CEST]	DB connection established
[2017-10-01 21:13:17.185281275 +0200 CEST]	Rollback Message: sql: Transaction has already been committed or rolled back[2017-10-01 21:13:17.190470573 +0200 CEST]	DB connection established
[2017-10-01 21:13:17.194294375 +0200 CEST]	Rollback Message: sql: Transaction has already been committed or rolled back[2017-10-01 21:13:17.198320001 +0200 CEST]	DB connection established
[2017-10-01 21:13:17.203275454 +0200 CEST]	Rollback Message: sql: Transaction has already been committed or rolled back[2017-10-01 21:16:01.590909811 +0200 CEST]	No currently active connection
[2017-10-01 21:16:01.593439017 +0200 CEST]	DB connection established
[2017-10-01 21:16:01.594406433 +0200 CEST]	DB connection established
[2017-10-01 21:16:01.594425673 +0200 CEST]	DB connection established
[2017-10-01 21:16:01.599214621 +0200 CEST]	DB connection established
[2017-10-01 21:16:01.603302577 +0200 CEST]	Rollback Message: sql: Transaction has already been committed or rolled back[2017-10-01 21:16:01.608588081 +0200 CEST]	DB connection established
[2017-10-01 21:16:01.613690408 +0200 CEST]	Rollback Message: sql: Transaction has already been committed or rolled back[2017-10-01 21:16:01.617428013 +0200 CEST]	DB connection established
[2017-10-01 21:16:01.622369668 +0200 CEST]	Rollback Message: sql: Transaction has already been committed or rolled back[2017-10-01 21:16:17.665524017 +0200 CEST]	No currently active connection
[2017-10-01 21:16:17.673106875 +0200 CEST]	DB connection established
[2017-10-01 21:16:17.673100691 +0200 CEST]	DB connection established
[2017-10-01 21:16:17.673894923 +0200 CEST]	DB connection established
[2017-10-01 21:16:17.679945294 +0200 CEST]	DB connection established
[2017-10-01 21:16:17.683992408 +0200 CEST]	Successful transaction.[2017-10-01 21:16:17.69138079 +0200 CEST]	DB connection established
[2017-10-01 21:16:17.697685507 +0200 CEST]	Successful transaction.[2017-10-01 21:16:17.702396303 +0200 CEST]	DB connection established
[2017-10-01 21:16:17.706391825 +0200 CEST]	Successful transaction.[2017-10-01 21:17:32.549696737 +0200 CEST]	No currently active connection

[2017-10-01 21:17:32.554699681 +0200 CEST]	DB connection established
[2017-10-01 21:17:32.555175546 +0200 CEST]	DB connection established
[2017-10-01 21:17:32.558359095 +0200 CEST]	DB connection established
[2017-10-01 21:17:32.563091749 +0200 CEST]	DB connection established
[2017-10-01 21:17:32.568895564 +0200 CEST]	Successful transaction.
[2017-10-01 21:17:32.574588225 +0200 CEST]	DB connection established
[2017-10-01 21:17:32.579526531 +0200 CEST]	Successful transaction.
[2017-10-01 21:17:32.58539141 +0200 CEST]	DB connection established
[2017-10-01 21:17:32.589486477 +0200 CEST]	Successful transaction.
[2017-10-01 21:17:34.281139315 +0200 CEST]	No currently active connection

[2017-10-01 21:17:34.287839839 +0200 CEST]	DB connection established
[2017-10-01 21:17:34.287855016 +0200 CEST]	DB connection established
[2017-10-01 21:17:34.289436792 +0200 CEST]	DB connection established
[2017-10-01 21:17:34.291716281 +0200 CEST]	DB connection established
[2017-10-01 21:17:34.298679208 +0200 CEST]	Successful transaction.
[2017-10-01 21:17:34.304232462 +0200 CEST]	DB connection established
[2017-10-01 21:17:34.308185849 +0200 CEST]	Successful transaction.
[2017-10-01 21:17:34.312861242 +0200 CEST]	DB connection established
[2017-10-01 21:17:34.319255935 +0200 CEST]	Successful transaction.
[2017-10-01 21:17:35.635515056 +0200 CEST]	No currently active connection

[2017-10-01 21:17:35.640591964 +0200 CEST]	DB connection established
[2017-10-01 21:17:35.641229798 +0200 CEST]	DB connection established
[2017-10-01 21:17:35.641265251 +0200 CEST]	DB connection established
[2017-10-01 21:17:35.646254686 +0200 CEST]	DB connection established
[2017-10-01 21:17:35.652106498 +0200 CEST]	Successful transaction.
[2017-10-01 21:17:35.656354926 +0200 CEST]	DB connection established
[2017-10-01 21:17:35.661510576 +0200 CEST]	Successful transaction.
[2017-10-01 21:17:35.667806502 +0200 CEST]	DB connection established
[2017-10-01 21:17:35.671347471 +0200 CEST]	Successful transaction.
[2017-10-01 21:17:36.99663544 +0200 CEST]	No currently active connection

[2017-10-01 21:17:37.001209111 +0200 CEST]	DB connection established
[2017-10-01 21:17:37.002360096 +0200 CEST]	DB connection established
[2017-10-01 21:17:37.002353532 +0200 CEST]	DB connection established
[2017-10-01 21:17:37.005520426 +0200 CEST]	DB connection established
[2017-10-01 21:17:37.012139449 +0200 CEST]	Successful transaction.
[2017-10-01 21:17:37.016311712 +0200 CEST]	DB connection established
[2017-10-01 21:17:37.020766545 +0200 CEST]	Successful transaction.
[2017-10-01 21:17:37.026555238 +0200 CEST]	DB connection established
[2017-10-01 21:17:37.03228953 +0200 CEST]	Successful transaction.
[2017-10-01 21:17:40.095329915 +0200 CEST]	No currently active connection

[2017-10-01 21:17:40.099478529 +0200 CEST]	DB connection established
[2017-10-01 21:17:40.099585749 +0200 CEST]	DB connection established
[2017-10-01 21:17:40.099592533 +0200 CEST]	DB connection established
[2017-10-01 21:17:40.103758803 +0200 CEST]	DB connection established
[2017-10-01 21:17:40.108845913 +0200 CEST]	Successful transaction.
[2017-10-01 21:17:40.112925301 +0200 CEST]	DB connection established
[2017-10-01 21:17:40.117977449 +0200 CEST]	Successful transaction.
[2017-10-01 21:17:40.124318891 +0200 CEST]	DB connection established
[2017-10-01 21:17:40.129070166 +0200 CEST]	Successful transaction.
[2017-10-01 21:18:39.88569887 +0200 CEST]	No currently active connection
[2017-10-01 21:18:39.888791694 +0200 CEST]	DB connection established
[2017-10-01 21:18:39.889290415 +0200 CEST]	DB connection established
[2017-10-01 21:18:39.889866222 +0200 CEST]	DB connection established
[2017-10-01 21:18:39.893890063 +0200 CEST]	DB connection established
[2017-10-01 21:18:39.898977952 +0200 CEST]	Successful transaction.
[2017-10-01 21:18:39.903117165 +0200 CEST]	DB connection established
[2017-10-01 21:18:39.908178793 +0200 CEST]	Successful transaction.
[2017-10-01 21:18:39.914359084 +0200 CEST]	DB connection established
[2017-10-01 21:18:39.917616631 +0200 CEST]	Successful transaction.
[2017-10-01 21:18:41.19827217 +0200 CEST]	No currently active connection
[2017-10-01 21:18:41.202218361 +0200 CEST]	DB connection established
[2017-10-01 21:18:41.203964455 +0200 CEST]	DB connection established
[2017-10-01 21:18:41.204294157 +0200 CEST]	DB connection established
[2017-10-01 21:18:41.208795108 +0200 CEST]	DB connection established
[2017-10-01 21:18:41.215073204 +0200 CEST]	Successful transaction.
[2017-10-01 21:18:41.220755303 +0200 CEST]	DB connection established
[2017-10-01 21:18:41.2252096 +0200 CEST]	Successful transaction.
[2017-10-01 21:18:41.232750362 +0200 CEST]	DB connection established
[2017-10-01 21:18:41.23855779 +0200 CEST]	Successful transaction.
[2017-10-01 21:18:47.055921641 +0200 CEST]	No currently active connection
[2017-10-01 21:18:47.05992382 +0200 CEST]	DB connection established
[2017-10-01 21:18:47.060362758 +0200 CEST]	DB connection established
[2017-10-01 21:18:47.060863317 +0200 CEST]	No currently active connection
[2017-10-01 21:18:47.060996434 +0200 CEST]	DB connection established
[2017-10-01 21:18:47.06359438 +0200 CEST]	DB connection established
[2017-10-01 21:18:47.068599258 +0200 CEST]	Successful transaction.
[2017-10-01 21:18:47.072783677 +0200 CEST]	DB connection established
[2017-10-01 21:18:47.077773765 +0200 CEST]	Successful transaction.
[2017-10-01 21:18:47.08306856 +0200 CEST]	DB connection established
[2017-10-01 21:18:47.087614409 +0200 CEST]	Successful transaction.
[2017-10-01 21:18:51.453523111 +0200 CEST]	No currently active connection
[2017-10-01 21:18:51.45616339 +0200 CEST]	DB connection established
[2017-10-01 21:18:51.457487215 +0200 CEST]	DB connection established
[2017-10-01 21:18:51.457893124 +0200 CEST]	DB connection established
[2017-10-01 21:18:51.463483131 +0200 CEST]	DB connection established
[2017-10-01 21:18:51.469169782 +0200 CEST]	Successful transaction.
[2017-10-01 21:18:51.472940149 +0200 CEST]	DB connection established
[2017-10-01 21:18:51.476758273 +0200 CEST]	Successful transaction.
[2017-10-01 21:18:51.483133585 +0200 CEST]	DB connection established
[2017-10-01 21:18:51.487220033 +0200 CEST]	Successful transaction.
[2017-10-01 21:18:57.814787475 +0200 CEST]	No currently active connection
[2017-10-01 21:18:57.817804907 +0200 CEST]	DB connection established
[2017-10-01 21:18:57.818588304 +0200 CEST]	DB connection established
[2017-10-01 21:18:57.819003266 +0200 CEST]	DB connection established
[2017-10-01 21:18:57.822569692 +0200 CEST]	DB connection established
[2017-10-01 21:18:57.8292478 +0200 CEST]	Successful transaction.
[2017-10-01 21:18:57.834849046 +0200 CEST]	DB connection established
[2017-10-01 21:18:57.838692465 +0200 CEST]	Successful transaction.
[2017-10-01 21:18:57.842856412 +0200 CEST]	DB connection established
[2017-10-01 21:18:57.848168507 +0200 CEST]	Successful transaction.
[2017-10-01 21:18:59.258949514 +0200 CEST]	No currently active connection
[2017-10-01 21:18:59.262337281 +0200 CEST]	DB connection established
[2017-10-01 21:18:59.262417546 +0200 CEST]	DB connection established
[2017-10-01 21:18:59.262623144 +0200 CEST]	DB connection established
[2017-10-01 21:18:59.267441714 +0200 CEST]	DB connection established
[2017-10-01 21:18:59.272712401 +0200 CEST]	Successful transaction.
[2017-10-01 21:18:59.27815265 +0200 CEST]	DB connection established
[2017-10-01 21:18:59.284767276 +0200 CEST]	Successful transaction.
[2017-10-01 21:18:59.288739526 +0200 CEST]	DB connection established
[2017-10-01 21:18:59.292930454 +0200 CEST]	Successful transaction.
[2017-10-01 21:19:00.969231175 +0200 CEST]	No currently active connection
[2017-10-01 21:19:00.974782231 +0200 CEST]	DB connection established
[2017-10-01 21:19:00.976271171 +0200 CEST]	No currently active connection
[2017-10-01 21:19:00.977297495 +0200 CEST]	DB connection established
[2017-10-01 21:19:00.977668867 +0200 CEST]	DB connection established
[2017-10-01 21:19:00.981642495 +0200 CEST]	DB connection established
[2017-10-01 21:19:00.988016895 +0200 CEST]	Successful transaction.
[2017-10-01 21:19:00.992326207 +0200 CEST]	DB connection established
[2017-10-01 21:19:00.996646183 +0200 CEST]	Successful transaction.
[2017-10-01 21:19:01.003131404 +0200 CEST]	DB connection established
[2017-10-01 21:19:01.007997053 +0200 CEST]	Successful transaction.
[2017-10-01 21:19:02.869092368 +0200 CEST]	No currently active connection
[2017-10-01 21:19:02.87306844 +0200 CEST]	DB connection established
[2017-10-01 21:19:02.874249028 +0200 CEST]	DB connection established
[2017-10-01 21:19:02.875258205 +0200 CEST]	DB connection established
[2017-10-01 21:19:02.881669622 +0200 CEST]	DB connection established
[2017-10-01 21:19:02.888801984 +0200 CEST]	Successful transaction.
[2017-10-01 21:19:02.894234333 +0200 CEST]	DB connection established
[2017-10-01 21:19:02.897163196 +0200 CEST]	Successful transaction.
[2017-10-01 21:19:02.902726451 +0200 CEST]	DB connection established
[2017-10-01 21:19:02.908099442 +0200 CEST]	Successful transaction.
[2017-10-01 21:19:24.591390569 +0200 CEST]	No currently active connection
[2017-10-01 21:19:24.594700431 +0200 CEST]	DB connection established
[2017-10-01 21:19:24.595828594 +0200 CEST]	DB connection established
[2017-10-01 21:19:24.5959274 +0200 CEST]	DB connection established
[2017-10-01 21:19:24.600884697 +0200 CEST]	DB connection established
[2017-10-01 21:19:24.605632019 +0200 CEST]	Successful transaction.
[2017-10-01 21:19:24.609994869 +0200 CEST]	DB connection established
[2017-10-01 21:19:24.615940359 +0200 CEST]	Successful transaction.
[2017-10-01 21:19:24.622010147 +0200 CEST]	DB connection established
[2017-10-01 21:19:24.626706224 +0200 CEST]	Successful transaction.
[2017-10-01 21:19:26.143988512 +0200 CEST]	No currently active connection
[2017-10-01 21:19:26.148307013 +0200 CEST]	DB connection established
[2017-10-01 21:19:26.149068105 +0200 CEST]	DB connection established
[2017-10-01 21:19:26.149372251 +0200 CEST]	DB connection established
[2017-10-01 21:19:26.154448005 +0200 CEST]	DB connection established
[2017-10-01 21:19:26.161063127 +0200 CEST]	Successful transaction.
[2017-10-01 21:19:26.164695275 +0200 CEST]	DB connection established
[2017-10-01 21:19:26.170595551 +0200 CEST]	Successful transaction.
[2017-10-01 21:19:26.176142885 +0200 CEST]	DB connection established
[2017-10-01 21:19:26.181986099 +0200 CEST]	Successful transaction.
[2017-10-01 21:19:27.325580835 +0200 CEST]	No currently active connection
[2017-10-01 21:19:27.329561037 +0200 CEST]	DB connection established
[2017-10-01 21:19:27.329699006 +0200 CEST]	DB connection established
[2017-10-01 21:19:27.330060726 +0200 CEST]	DB connection established
[2017-10-01 21:19:27.335847946 +0200 CEST]	DB connection established
[2017-10-01 21:19:27.343128638 +0200 CEST]	Successful transaction.
[2017-10-01 21:19:27.348611416 +0200 CEST]	DB connection established
[2017-10-01 21:19:27.353571297 +0200 CEST]	Successful transaction.
[2017-10-01 21:19:27.359047911 +0200 CEST]	DB connection established
[2017-10-01 21:19:27.365432498 +0200 CEST]	Successful transaction.
[2017-10-01 21:19:28.531783338 +0200 CEST]	No currently active connection
[2017-10-01 21:19:28.535223768 +0200 CEST]	DB connection established
[2017-10-01 21:19:28.537768883 +0200 CEST]	DB connection established
[2017-10-01 21:19:28.537804836 +0200 CEST]	DB connection established
[2017-10-01 21:19:28.542718476 +0200 CEST]	DB connection established
[2017-10-01 21:19:28.54945758 +0200 CEST]	Successful transaction.
[2017-10-01 21:19:28.553315186 +0200 CEST]	DB connection established
[2017-10-01 21:19:28.558719633 +0200 CEST]	Successful transaction.
[2017-10-01 21:19:28.565098321 +0200 CEST]	DB connection established
[2017-10-01 21:19:28.570786897 +0200 CEST]	Successful transaction.
[2017-10-01 21:19:29.718256405 +0200 CEST]	No currently active connection
[2017-10-01 21:19:29.722580291 +0200 CEST]	DB connection established
[2017-10-01 21:19:29.72271363 +0200 CEST]	DB connection established
[2017-10-01 21:19:29.723767113 +0200 CEST]	DB connection established
[2017-10-01 21:19:29.728447809 +0200 CEST]	DB connection established
[2017-10-01 21:19:29.735605021 +0200 CEST]	Successful transaction.
[2017-10-01 21:19:29.740970903 +0200 CEST]	DB connection established
[2017-10-01 21:19:29.746897474 +0200 CEST]	Successful transaction.
[2017-10-01 21:19:29.752383506 +0200 CEST]	DB connection established
[2017-10-01 21:19:29.757541802 +0200 CEST]	Successful transaction.
[2017-10-01 21:19:30.91985301 +0200 CEST]	No currently active connection
[2017-10-01 21:19:30.923386852 +0200 CEST]	DB connection established
[2017-10-01 21:19:30.924577549 +0200 CEST]	DB connection established
[2017-10-01 21:19:30.924594051 +0200 CEST]	DB connection established
[2017-10-01 21:19:30.931247557 +0200 CEST]	DB connection established
[2017-10-01 21:19:30.938581781 +0200 CEST]	Successful transaction.
[2017-10-01 21:19:30.942950452 +0200 CEST]	DB connection established
[2017-10-01 21:19:30.947740525 +0200 CEST]	Successful transaction.
[2017-10-01 21:19:30.95353772 +0200 CEST]	DB connection established
[2017-10-01 21:19:30.96043807 +0200 CEST]	Successful transaction.
[2017-10-01 21:19:32.143556513 +0200 CEST]	No currently active connection
[2017-10-01 21:19:32.149237822 +0200 CEST]	DB connection established
[2017-10-01 21:19:32.149769559 +0200 CEST]	DB connection established
[2017-10-01 21:19:32.149779707 +0200 CEST]	DB connection established
[2017-10-01 21:19:32.156797208 +0200 CEST]	DB connection established
[2017-10-01 21:19:32.164638027 +0200 CEST]	Successful transaction.
[2017-10-01 21:19:32.170857166 +0200 CEST]	DB connection established
[2017-10-01 21:19:32.177499479 +0200 CEST]	Successful transaction.
[2017-10-01 21:19:32.181775029 +0200 CEST]	DB connection established
[2017-10-01 21:19:32.18677809 +0200 CEST]	Successful transaction.
[2017-10-01 21:19:33.281123501 +0200 CEST]	No currently active connection
[2017-10-01 21:19:33.284591561 +0200 CEST]	DB connection established
[2017-10-01 21:19:33.285689502 +0200 CEST]	DB connection established
[2017-10-01 21:19:33.286363627 +0200 CEST]	DB connection established
[2017-10-01 21:19:33.290716183 +0200 CEST]	DB connection established
[2017-10-01 21:19:33.298096201 +0200 CEST]	Successful transaction.
[2017-10-01 21:19:33.302288514 +0200 CEST]	DB connection established
[2017-10-01 21:19:33.307150478 +0200 CEST]	Successful transaction.
[2017-10-01 21:19:33.313226028 +0200 CEST]	DB connection established
[2017-10-01 21:19:33.320444143 +0200 CEST]	Successful transaction.
[2017-10-03 22:14:38.343869842 +0200 CEST]	No currently active connection
[2017-10-03 22:14:38.357039866 +0200 CEST]	DB connection established
[2017-10-03 22:14:38.357577521 +0200 CEST]	DB connection established
[2017-10-03 22:14:38.358089798 +0200 CEST]	DB connection established
[2017-10-03 22:14:38.363009554 +0200 CEST]	DB connection established
[2017-10-03 22:14:38.372680543 +0200 CEST]	Successful transaction.
[2017-10-03 22:14:38.378933765 +0200 CEST]	DB connection established
[2017-10-03 22:14:38.385170838 +0200 CEST]	Successful transaction.
[2017-10-03 22:14:38.389940811 +0200 CEST]	DB connection established
[2017-10-03 22:14:38.395138662 +0200 CEST]	Successful transaction.
[2017-10-03 22:15:26.61714258 +0200 CEST]	No currently active connection
[2017-10-03 22:15:26.619749809 +0200 CEST]	DB connection established
[2017-10-03 22:15:26.62025603 +0200 CEST]	DB connection established
[2017-10-03 22:15:26.620694145 +0200 CEST]	DB connection established
[2017-10-03 22:15:26.626693234 +0200 CEST]	DB connection established
[2017-10-03 22:15:26.632575322 +0200 CEST]	Successful transaction.
[2017-10-03 22:15:26.637986809 +0200 CEST]	DB connection established
[2017-10-03 22:15:26.644058704 +0200 CEST]	Successful transaction.
[2017-10-03 22:15:26.648021548 +0200 CEST]	DB connection established
[2017-10-03 22:15:26.653551288 +0200 CEST]	Successful transaction.
